export/unityLibrary/build/intermediates/manifest_merge_blame_file/debug/manifest-merger-blame-debug-report.txt
1<?xml version="1.0" encoding="utf-8"?>
2<!-- GENERATED BY UNITY. REMOVE THIS COMMENT TO PREVENT OVERWRITING WHEN EXPORTING AGAIN -->
3<manifest xmlns:android="http://schemas.android.com/apk/res/android"
4    xmlns:tools="http://schemas.android.com/tools"
5    package="com.unity3d.player" >
6
7    <uses-sdk
8        android:minSdkVersion="19"
8-->src\main\AndroidManifest.xml
9        android:targetSdkVersion="29" />
9-->src\main\AndroidManifest.xml
10
11    <uses-feature android:glEsVersion="0x00030000" />
11-->src\main\AndroidManifest.xml:18:3-52
11-->src\main\AndroidManifest.xml:18:17-49
12    <uses-feature
12-->src\main\AndroidManifest.xml:19:3-91
13        android:name="android.hardware.vulkan.version"
13-->src\main\AndroidManifest.xml:19:17-63
14        android:required="false" />
14-->src\main\AndroidManifest.xml:19:64-88
15    <uses-feature
15-->src\main\AndroidManifest.xml:20:3-97
16        android:name="android.hardware.sensor.accelerometer"
16-->src\main\AndroidManifest.xml:20:17-69
17        android:required="false" />
17-->src\main\AndroidManifest.xml:20:70-94
18    <uses-feature
18-->src\main\AndroidManifest.xml:21:3-88
19        android:name="android.hardware.touchscreen"
19-->src\main\AndroidManifest.xml:21:17-60
20        android:required="false" />
20-->src\main\AndroidManifest.xml:21:61-85
21    <uses-feature
21-->src\main\AndroidManifest.xml:22:3-99
22        android:name="android.hardware.touchscreen.multitouch"
22-->src\main\AndroidManifest.xml:22:17-71
23        android:required="false" />
23-->src\main\AndroidManifest.xml:22:72-96
24    <uses-feature
24-->src\main\AndroidManifest.xml:23:3-108
25        android:name="android.hardware.touchscreen.multitouch.distinct"
25-->src\main\AndroidManifest.xml:23:17-80
26        android:required="false" />
26-->src\main\AndroidManifest.xml:23:81-105
27
28    <application>
28-->src\main\AndroidManifest.xml:4:3-17:17
29        <activity
29-->src\main\AndroidManifest.xml:5:5-12:16
30            android:name="com.unity3d.player.UnityPlayerActivity"
30-->src\main\AndroidManifest.xml:5:15-68
31            android:configChanges="mcc|mnc|locale|touchscreen|keyboard|keyboardHidden|navigation|orientation|screenLayout|uiMode|screenSize|smallestScreenSize|fontScale|layoutDirection|density"
31-->src\main\AndroidManifest.xml:5:187-368
32            android:hardwareAccelerated="false"
32-->src\main\AndroidManifest.xml:5:369-404
33            android:launchMode="singleTask"
33-->src\main\AndroidManifest.xml:5:155-186
34            android:screenOrientation="sensorLandscape"
34-->src\main\AndroidManifest.xml:5:111-154
35            android:theme="@style/UnityThemeSelector" >
35-->src\main\AndroidManifest.xml:5:69-110
36            <intent-filter>
36-->src\main\AndroidManifest.xml:6:7-9:23
37                <action android:name="android.intent.action.MAIN" />
37-->src\main\AndroidManifest.xml:7:9-61
37-->src\main\AndroidManifest.xml:7:17-58
38
39                <category android:name="android.intent.category.LAUNCHER" />
39-->src\main\AndroidManifest.xml:8:9-69
39-->src\main\AndroidManifest.xml:8:19-66
40            </intent-filter>
41
42            <meta-data
42-->src\main\AndroidManifest.xml:10:7-82
43                android:name="unityplayer.UnityActivity"
43-->src\main\AndroidManifest.xml:10:18-58
44                android:value="true" />
44-->src\main\AndroidManifest.xml:10:59-79
45            <meta-data
45-->src\main\AndroidManifest.xml:11:7-78
46                android:name="android.notch_support"
46-->src\main\AndroidManifest.xml:11:18-54
47                android:value="true" />
47-->src\main\AndroidManifest.xml:11:55-75
48        </activity>
49
50        <meta-data
50-->src\main\AndroidManifest.xml:13:5-69
51            android:name="unity.splash-mode"
51-->src\main\AndroidManifest.xml:13:16-48
52            android:value="0" />
52-->src\main\AndroidManifest.xml:13:49-66
53        <meta-data
53-->src\main\AndroidManifest.xml:14:5-74
54            android:name="unity.splash-enable"
54-->src\main\AndroidManifest.xml:14:16-50
55            android:value="True" />
55-->src\main\AndroidManifest.xml:14:51-71
56        <meta-data
56-->src\main\AndroidManifest.xml:15:5-81
57            android:name="notch.config"
57-->src\main\AndroidManifest.xml:15:16-43
58            android:value="portrait|landscape" />
58-->src\main\AndroidManifest.xml:15:44-78
59        <meta-data
59-->src\main\AndroidManifest.xml:16:5-101
60            android:name="unity.build-id"
60-->src\main\AndroidManifest.xml:16:16-45
61            android:value="c045fdb7-6ff1-4172-b6cc-76eda10fe583" />
61-->src\main\AndroidManifest.xml:16:46-98
62    </application>
63
64</manifest>